

-----------------------------------
New Analysis started.
Date and time: 12/04/2017 16:24:55
New results follow.
-----------------------------------

Siena version 1.1-232 (18 Jun 13)

@1
Estimation by stochastic approximation algorithm.
=================================================

Random initialization of random number stream.
Current random number seed is 773191.
Effects object used: myeff 
Model Type 1: Standard actor-oriented model
Estimation method: conditional moment estimation
Conditioning variable is the total number of observed changes ("distance") 
in the network variable.
Distances for simulations are
period   :   1   2
distance :  115 106.
Standard errors are estimated with the likelihood ratio method.
Initial value of gain parameter is  0.2000000.
Number of subphases in Phase 2 is 4.

Initial parameter values are 
  0.1  Rate parameter                         4.6960
  0.2  Rate parameter                         4.3288
  1. eval:  outdegree (density)                            -1.4677
  2. eval:  reciprocity                                     0.0000
  3. eval:  transitive triplets                             0.0000
  4. eval:  3-cycles                                        0.0000
  5. eval:  smoke1 similarity                               0.0000
  6. eval:  alcohol alter                                   0.0000
  7. eval:  alcohol ego                                     0.0000
  8. eval:  alcohol ego x alcohol alter                     0.0000


Observed values of target statistics are
  1. Number of ties                                                     238.0000
  2. Number of reciprocated ties                                        160.0000
  3. Number of transitive triplets                                      225.0000
  4. 3-cycles                                                            72.0000
  5. Similarity on smoke1                                                23.0371
  6. Sum of indegrees x alcohol                                          12.3800
  7. Sum of outdegrees x alcohol                                         20.3800
  8. Sum alcohol ego x alcohol alter                                    152.3038

 8 parameters, 8 statistics

Estimation of derivatives by the LR method (type 1).

@2
End of stochastic approximation algorithm, phase 3.
---------------------------------------------------

Total of 2424 iterations.
Parameter estimates based on 1424 iterations,
basic rate parameters as well as 
convergence diagnostics, covariance and derivative matrices based on 1000 iterations.

Information for convergence diagnosis.
Averages, standard deviations, and t-ratios for deviations from targets:
  1.   0.5560  20.8055   0.0267 
  2.   0.2780  19.5877   0.0142 
  3.   2.1650  62.8327   0.0345 
  4.   1.1640  20.6811   0.0563 
  5.  -0.0052   6.9077  -0.0008 
  6.   0.3166  21.9211   0.0144 
  7.   0.8236  21.5044   0.0383 
  8.   0.7943  28.5192   0.0279 

Good convergence is indicated by the t-ratios being close to zero.


@2
Estimation Results.
-------------------

Regular end of estimation algorithm.
Total of 2424 iteration steps.

@3
Estimates and standard errors
                             
Rate parameters:
 0.1  Rate parameter period 1                 6.6318  (   1.1151)
 0.2  Rate parameter period 2                 5.2040  (   0.8698)

Other parameters:
 1. eval:  outdegree (density)                          -2.7196  (   0.1330)
 2. eval:  reciprocity                                   2.4199  (   0.2317)
 3. eval:  transitive triplets                           0.6343  (   0.1497)
 4. eval:  3-cycles                                     -0.0592  (   0.2921)
 5. eval:  smoke1 similarity                             0.2584  (   0.2060)
 6. eval:  alcohol alter                                -0.0242  (   0.0684)
 7. eval:  alcohol ego                                   0.0413  (   0.0761)
 8. eval:  alcohol ego x alcohol alter                   0.1280  (   0.0488)

@3
Covariance matrices
                   
Covariance matrix of estimates (correlations below diagonal):
     0.018     -0.020     -0.009      0.009     -0.003      0.000      0.001     -0.001
    -0.644      0.054      0.009     -0.026     -0.002      0.000     -0.002      0.000
    -0.428      0.261      0.022     -0.037      0.003      0.000     -0.002      0.000
     0.239     -0.379     -0.853      0.085     -0.006     -0.002      0.004      0.000
    -0.101     -0.046      0.087     -0.095      0.042      0.003      0.004     -0.001
     0.039     -0.003      0.044     -0.113      0.242      0.005     -0.002      0.000
     0.055     -0.086     -0.189      0.167      0.238     -0.357      0.006      0.000
    -0.139     -0.009     -0.032     -0.002     -0.060     -0.066     -0.024      0.002

Derivative matrix of expected statistics X by parameters and
covariance/correlation matrix of X can be found using
summary(ans) within R, or by using the 'verbose' option in Siena07.
 
Total computation time 14.31 seconds.


-----------------------------------
New Analysis started.
Date and time: 12/04/2017 16:25:25
New results follow.
-----------------------------------

Siena version 1.1-232 (18 Jun 13)

@1
Estimation by stochastic approximation algorithm.
=================================================

Random initialization of random number stream.
Current random number seed is 554722.
Effects object used: myeff 
Model Type 1: Standard actor-oriented model
Estimation method: conditional moment estimation
Conditioning variable is the total number of observed changes ("distance") 
in the network variable.
Distances for simulations are
period   :   1   2
distance :  115 106.
Standard errors are estimated with the likelihood ratio method.
Initial value of gain parameter is  0.2000000.
Number of subphases in Phase 2 is 4.

Initial parameter values are 
  0.1  Rate parameter                         6.6318
  0.2  Rate parameter                         5.2040
  1. eval:  outdegree (density)                            -2.7196
  2. eval:  reciprocity                                     2.4199
  3. eval:  transitive triplets                             0.6343
  4. eval:  3-cycles                                       -0.0592
  5. eval:  smoke1 similarity                               0.2584
  6. eval:  alcohol alter                                  -0.0242
  7. eval:  alcohol ego                                     0.0413
  8. eval:  alcohol ego x alcohol alter                     0.1280


Observed values of target statistics are
  1. Number of ties                                                     238.0000
  2. Number of reciprocated ties                                        160.0000
  3. Number of transitive triplets                                      225.0000
  4. 3-cycles                                                            72.0000
  5. Similarity on smoke1                                                23.0371
  6. Sum of indegrees x alcohol                                          12.3800
  7. Sum of outdegrees x alcohol                                         20.3800
  8. Sum alcohol ego x alcohol alter                                    152.3038

 8 parameters, 8 statistics

Estimation of derivatives by the LR method (type 1).

@2
End of stochastic approximation algorithm, phase 3.
---------------------------------------------------

Total of 2513 iterations.
Parameter estimates based on 1513 iterations,
basic rate parameters as well as 
convergence diagnostics, covariance and derivative matrices based on 1000 iterations.

Information for convergence diagnosis.
Averages, standard deviations, and t-ratios for deviations from targets:
  1.   0.7900  21.7218   0.0364 
  2.   0.6620  20.0679   0.0330 
  3.   4.8540  64.4672   0.0753 
  4.   1.3480  21.0287   0.0641 
  5.   0.1416   6.8941   0.0205 
  6.  -1.9871  22.0739  -0.0900 
  7.  -0.2061  21.8749  -0.0094 
  8.   0.4840  27.7161   0.0175 

Good convergence is indicated by the t-ratios being close to zero.


@2
Estimation Results.
-------------------

Regular end of estimation algorithm.
Total of 2513 iteration steps.

@3
Estimates and standard errors
                             
Rate parameters:
 0.1  Rate parameter period 1                 6.5783  (   1.1474)
 0.2  Rate parameter period 2                 5.2366  (   0.8426)

Other parameters:
 1. eval:  outdegree (density)                          -2.7305  (   0.1320)
 2. eval:  reciprocity                                   2.4426  (   0.2351)
 3. eval:  transitive triplets                           0.6705  (   0.1600)
 4. eval:  3-cycles                                     -0.1286  (   0.3188)
 5. eval:  smoke1 similarity                             0.2467  (   0.2131)
 6. eval:  alcohol alter                                -0.0293  (   0.0682)
 7. eval:  alcohol ego                                   0.0416  (   0.0757)
 8. eval:  alcohol ego x alcohol alter                   0.1271  (   0.0491)

@3
Covariance matrices
                   
Covariance matrix of estimates (correlations below diagonal):
     0.017     -0.021     -0.012      0.017     -0.004      0.000      0.000      0.000
    -0.690      0.055      0.018     -0.043      0.000      0.000      0.001     -0.001
    -0.563      0.472      0.026     -0.044      0.000      0.001     -0.002     -0.001
     0.414     -0.575     -0.872      0.102      0.001     -0.002      0.002      0.002
    -0.137     -0.006      0.010      0.008      0.045      0.003      0.004     -0.001
     0.001      0.024      0.087     -0.104      0.238      0.005     -0.002      0.000
     0.022      0.032     -0.149      0.081      0.230     -0.341      0.006      0.000
    -0.058     -0.125     -0.117      0.103     -0.062     -0.007     -0.107      0.002

Derivative matrix of expected statistics X by parameters and
covariance/correlation matrix of X can be found using
summary(ans) within R, or by using the 'verbose' option in Siena07.
 
Total computation time 14.4 seconds.


-----------------------------------
New Analysis started.
Date and time: 12/04/2017 16:25:39
New results follow.
-----------------------------------

Siena version 1.1-232 (18 Jun 13)

@1
Estimation by stochastic approximation algorithm.
=================================================

Random initialization of random number stream.
Current random number seed is 588845.
Effects object used: myeff 
Model Type 1: Standard actor-oriented model
Estimation method: conditional moment estimation
Conditioning variable is the total number of observed changes ("distance") 
in the network variable.
Distances for simulations are
period   :   1   2
distance :  115 106.
Standard errors are estimated with the likelihood ratio method.
Initial value of gain parameter is  0.2000000.
Number of subphases in Phase 2 is 4.

Initial parameter values are 
  0.1  Rate parameter                         4.6960
  0.2  Rate parameter                         4.3288
  1. eval:  outdegree (density)                            -1.4677
  2. eval:  reciprocity                                     0.0000
  3. eval:  transitive triplets                             0.0000
  4. eval:  3-cycles                                        0.0000
  5. eval:  indegree - popularity (sqrt)                    0.0000  (fixed) 
  6. eval:  smoke1 similarity                               0.0000
  7. eval:  alcohol alter                                   0.0000
  8. eval:  alcohol ego                                     0.0000
  9. eval:  alcohol ego x alcohol alter                     0.0000


Observed values of target statistics are
  1. Number of ties                                                     238.0000
  2. Number of reciprocated ties                                        160.0000
  3. Number of transitive triplets                                      225.0000
  4. 3-cycles                                                            72.0000
  5. Sum of indegrees x sqrt(indegree)                                  426.0259
  6. Similarity on smoke1                                                23.0371
  7. Sum of indegrees x alcohol                                          12.3800
  8. Sum of outdegrees x alcohol                                         20.3800
  9. Sum alcohol ego x alcohol alter                                    152.3038

 9 parameters, 9 statistics

Estimation of derivatives by the LR method (type 1).

@2
End of stochastic approximation algorithm, phase 3.
---------------------------------------------------

Total of 2177 iterations.
Parameter estimates based on 1177 iterations,
basic rate parameters as well as 
convergence diagnostics, covariance and derivative matrices based on 1000 iterations.

Information for convergence diagnosis.
Averages, standard deviations, and t-ratios for deviations from targets:
  1.  -0.2500  22.4144  -0.0112                      
  2.  -1.0880  20.8406  -0.0522                      
  3.  -1.9130  66.2982  -0.0289                      
  4.  -0.6210  21.6177  -0.0287                      
  5.  19.1089  59.1361   0.3231     (fixed parameter)
  6.  -0.3707   6.7880  -0.0546                      
  7.   1.3045  22.0959   0.0590                      
  8.   0.7885  21.9535   0.0359                      
  9.  -1.2200  28.8775  -0.0422                      

Good convergence is indicated by the t-ratios of non-fixed parameters being close to zero.


@2
Estimation Results.
-------------------

Regular end of estimation algorithm.
Total of 2177 iteration steps.

@3
Estimates and standard errors
                             
Rate parameters:
 0.1  Rate parameter period 1                 6.5757  (   1.0980)
 0.2  Rate parameter period 2                 5.1970  (   0.8856)

Other parameters:
 1. eval:  outdegree (density)                          -2.7069  (   0.1269)
 2. eval:  reciprocity                                   2.4131  (   0.2140)
 3. eval:  transitive triplets                           0.6437  (   0.1442)
 4. eval:  3-cycles                                     -0.0892  (   0.2735)
 5. eval:  indegree - popularity (sqrt)                  0.0000  (  fixed  )
 6. eval:  smoke1 similarity                             0.2513  (   0.2051)
 7. eval:  alcohol alter                                -0.0193  (   0.0684)
 8. eval:  alcohol ego                                   0.0375  (   0.0765)
 9. eval:  alcohol ego x alcohol alter                   0.1260  (   0.0521)

@3
Covariance matrices
                   
(Values of the covariance matrix of estimates
  are meaningless for the fixed parameters.)

Covariance matrix of estimates (correlations below diagonal):
     0.016     -0.017     -0.007      0.007      4.187     -0.002      0.000      0.000      0.000
    -0.633      0.046      0.007     -0.020      7.062     -0.003      0.000     -0.001     -0.001
    -0.405      0.238      0.021     -0.033      4.759     -0.001      0.000     -0.002     -0.001
     0.191     -0.336     -0.840      0.075      9.024     -0.001     -0.002      0.004      0.002
     0.333      0.333      0.333      0.333   9801.000      6.768      2.256      2.523      1.719
    -0.063     -0.061     -0.026     -0.019      0.333      0.042      0.003      0.004     -0.001
    -0.008      0.003      0.044     -0.106      0.333      0.241      0.005     -0.002      0.000
     0.030     -0.031     -0.211      0.194      0.333      0.225     -0.395      0.006      0.000
    -0.050     -0.106     -0.175      0.153      0.333     -0.090     -0.082     -0.019      0.003

Derivative matrix of expected statistics X by parameters and
covariance/correlation matrix of X can be found using
summary(ans) within R, or by using the 'verbose' option in Siena07.
 
@2
Generalised score test <c>
--------------------------

Testing the goodness-of-fit of the model restricted by
 (1)   eval:  indegree - popularity (sqrt)                =   0.0000
_________________________________________________
                   
   c =   5.9940   d.f. = 1   p-value =   0.0144
   one-sided (normal variate):  -2.4483    
_________________________________________________

One-step estimates: 

eval:  outdegree (density)                         -1.9126
eval:  reciprocity                                  2.3804
eval:  transitive triplets                          0.7422
eval:  3-cycles                                    -0.1597
eval:  indegree - popularity (sqrt)                -0.4675
eval:  smoke1 similarity                            0.2805
eval:  alcohol alter                               -0.0043
eval:  alcohol ego                                  0.0279
eval:  alcohol ego x alcohol alter                  0.1167

Total computation time 13.74 seconds.


-----------------------------------
New Analysis started.
Date and time: 12/04/2017 16:26:20
New results follow.
-----------------------------------

Siena version 1.1-232 (18 Jun 13)

@1
Estimation by stochastic approximation algorithm.
=================================================

Random initialization of random number stream.
Current random number seed is 193834.
Effects object used: myeff 
Model Type 1: Standard actor-oriented model
Estimation method: conditional moment estimation
Conditioning variable is the total number of observed changes ("distance") 
in the network variable.
Distances for simulations are
period   :   1   2
distance :  115 106.
Standard errors are estimated with the likelihood ratio method.
Initial value of gain parameter is  0.2000000.
Number of subphases in Phase 2 is 4.

Initial parameter values are 
  0.1  Rate parameter                         4.6960
  0.2  Rate parameter                         4.3288
  1. eval:  outdegree (density)                            -1.4677
  2. eval:  reciprocity                                     0.0000
  3. eval:  transitive triplets                             0.0000
  4. eval:  3-cycles                                        0.0000
  5. eval:  smoke1 similarity                               0.0000
  6. eval:  alcohol alter                                   0.0000
  7. eval:  alcohol ego                                     0.0000
  8. eval:  alcohol ego x alcohol alter                     0.0000


Observed values of target statistics are
  1. Number of ties                                                     238.0000
  2. Number of reciprocated ties                                        160.0000
  3. Number of transitive triplets                                      225.0000
  4. 3-cycles                                                            72.0000
  5. Similarity on smoke1                                                23.0371
  6. Sum of indegrees x alcohol                                          12.3800
  7. Sum of outdegrees x alcohol                                         20.3800
  8. Sum alcohol ego x alcohol alter                                    152.3038

 8 parameters, 8 statistics

Estimation of derivatives by the LR method (type 1).

@2
End of stochastic approximation algorithm, phase 3.
---------------------------------------------------

Total of 2004 iterations.
Parameter estimates based on 1004 iterations,
basic rate parameters as well as 
convergence diagnostics, covariance and derivative matrices based on 1000 iterations.

Information for convergence diagnosis.
Averages, standard deviations, and t-ratios for deviations from targets:
  1.  -0.1380  21.3343  -0.0065 
  2.  -1.6160  19.7296  -0.0819 
  3.  -4.4320  63.6371  -0.0696 
  4.  -1.4230  20.7538  -0.0686 
  5.   0.1454   6.5740   0.0221 
  6.  -0.1464  21.5735  -0.0068 
  7.  -1.2754  21.3989  -0.0596 
  8.   0.2088  29.2714   0.0071 

Good convergence is indicated by the t-ratios being close to zero.


@2
Estimation Results.
-------------------

Regular end of estimation algorithm.
Total of 2004 iteration steps.

@3
Estimates and standard errors
                             
Rate parameters:
 0.1  Rate parameter period 1                 6.5902  (   1.1205)
 0.2  Rate parameter period 2                 5.1817  (   0.8799)

Other parameters:
 1. eval:  outdegree (density)                          -2.7081  (   0.1296)
 2. eval:  reciprocity                                   2.4088  (   0.2206)
 3. eval:  transitive triplets                           0.6345  (   0.1487)
 4. eval:  3-cycles                                     -0.0721  (   0.2872)
 5. eval:  smoke1 similarity                             0.2500  (   0.2072)
 6. eval:  alcohol alter                                -0.0199  (   0.0710)
 7. eval:  alcohol ego                                   0.0293  (   0.0769)
 8. eval:  alcohol ego x alcohol alter                   0.1312  (   0.0512)

@3
Covariance matrices
                   
Covariance matrix of estimates (correlations below diagonal):
     0.017     -0.018     -0.010      0.012     -0.001      0.001      0.000     -0.001
    -0.618      0.049      0.011     -0.031     -0.002     -0.001      0.001      0.000
    -0.519      0.350      0.022     -0.036     -0.002     -0.001     -0.001      0.000
     0.330     -0.489     -0.849      0.083      0.003      0.001      0.002     -0.001
    -0.047     -0.046     -0.077      0.049      0.043      0.003      0.003     -0.001
     0.088     -0.081     -0.110      0.055      0.233      0.005     -0.002      0.000
    -0.045      0.031     -0.060      0.073      0.212     -0.411      0.006     -0.001
    -0.141     -0.039      0.012     -0.036     -0.079     -0.018     -0.150      0.003

Derivative matrix of expected statistics X by parameters and
covariance/correlation matrix of X can be found using
summary(ans) within R, or by using the 'verbose' option in Siena07.
 
Total computation time 10.85 seconds.


-----------------------------------
New Analysis started.
Date and time: 12/04/2017 17:01:21
New results follow.
-----------------------------------

Siena version 1.1-232 (18 Jun 13)

@1
Estimation by stochastic approximation algorithm.
=================================================

Random initialization of random number stream.
Current random number seed is 979395.
Effects object used: myeff 
Model Type 1: Standard actor-oriented model
Estimation method: conditional moment estimation
Conditioning variable is the total number of observed changes ("distance") 
in the network variable.
Distances for simulations are
period   :   1   2
distance :  115 106.
Standard errors are estimated with the likelihood ratio method.
Initial value of gain parameter is  0.2000000.
Number of subphases in Phase 2 is 4.

Initial parameter values are 
  0.1  Rate parameter                         4.6960
  0.2  Rate parameter                         4.3288
  1. eval:  outdegree (density)                            -1.4677
  2. eval:  reciprocity                                     0.0000
  3. eval:  transitive triplets                             0.0000
  4. eval:  3-cycles                                        0.0000
  5. eval:  smoke1 similarity                               0.0000
  6. eval:  alcohol alter                                   0.0000
  7. eval:  alcohol ego                                     0.0000
  8. eval:  alcohol ego x alcohol alter                     0.0000


Observed values of target statistics are
  1. Number of ties                                                     238.0000
  2. Number of reciprocated ties                                        160.0000
  3. Number of transitive triplets                                      225.0000
  4. 3-cycles                                                            72.0000
  5. Similarity on smoke1                                                23.0371
  6. Sum of indegrees x alcohol                                          12.3800
  7. Sum of outdegrees x alcohol                                         20.3800
  8. Sum alcohol ego x alcohol alter                                    152.3038

 8 parameters, 8 statistics

Estimation of derivatives by the LR method (type 1).

@2
End of stochastic approximation algorithm, phase 3.
---------------------------------------------------

Total of 2388 iterations.
Parameter estimates based on 1388 iterations,
basic rate parameters as well as 
convergence diagnostics, covariance and derivative matrices based on 1000 iterations.

Information for convergence diagnosis.
Averages, standard deviations, and t-ratios for deviations from targets:
  1.  -0.0120  21.5754  -0.0006 
  2.  -0.2700  20.0590  -0.0135 
  3.  -5.0980  62.8652  -0.0811 
  4.  -1.9590  20.3658  -0.0962 
  5.   0.0628   6.6377   0.0095 
  6.  -1.4811  21.6779  -0.0683 
  7.  -1.2671  21.4815  -0.0590 
  8.  -1.1595  28.7855  -0.0403 

Good convergence is indicated by the t-ratios being close to zero.


@2
Estimation Results.
-------------------

Regular end of estimation algorithm.
Total of 2388 iteration steps.

@3
Estimates and standard errors
                             
Rate parameters:
 0.1  Rate parameter period 1                 6.5635  (   1.1039)
 0.2  Rate parameter period 2                 5.1948  (   0.8581)

Other parameters:
 1. eval:  outdegree (density)                          -2.7219  (   0.1261)
 2. eval:  reciprocity                                   2.4552  (   0.2162)
 3. eval:  transitive triplets                           0.6632  (   0.1354)
 4. eval:  3-cycles                                     -0.1365  (   0.2756)
 5. eval:  smoke1 similarity                             0.2590  (   0.2026)
 6. eval:  alcohol alter                                -0.0228  (   0.0739)
 7. eval:  alcohol ego                                   0.0360  (   0.0767)
 8. eval:  alcohol ego x alcohol alter                   0.1257  (   0.0467)

@3
Covariance matrices
                   
Covariance matrix of estimates (correlations below diagonal):
     0.016     -0.017     -0.008      0.008     -0.002      0.001      0.000     -0.001
    -0.638      0.047      0.009     -0.026     -0.002     -0.001      0.000      0.000
    -0.441      0.312      0.018     -0.030     -0.002     -0.001     -0.001      0.000
     0.227     -0.431     -0.814      0.076      0.000      0.000      0.002      0.000
    -0.060     -0.040     -0.063      0.005      0.041      0.003      0.003      0.000
     0.079     -0.083     -0.068      0.024      0.222      0.005     -0.002      0.000
    -0.030      0.022     -0.098      0.083      0.216     -0.378      0.006      0.000
    -0.121     -0.001     -0.031     -0.035      0.020     -0.007     -0.081      0.002

Derivative matrix of expected statistics X by parameters and
covariance/correlation matrix of X can be found using
summary(ans) within R, or by using the 'verbose' option in Siena07.
 
Total computation time 13.55 seconds.


-----------------------------------
New Analysis started.
Date and time: 12/04/2017 17:02:05
New results follow.
-----------------------------------

Siena version 1.1-232 (18 Jun 13)

@1
Estimation by stochastic approximation algorithm.
=================================================

Random initialization of random number stream.
Current random number seed is 264876.
Effects object used: myeff 
Model Type 1: Standard actor-oriented model
Estimation method: conditional moment estimation
Conditioning variable is the total number of observed changes ("distance") 
in the network variable.
Distances for simulations are
period   :   1   2
distance :  115 106.
Standard errors are estimated with the likelihood ratio method.
Initial value of gain parameter is  0.2000000.
Number of subphases in Phase 2 is 4.

Initial parameter values are 
  0.1  Rate parameter                         6.5635
  0.2  Rate parameter                         5.1948
  1. eval:  outdegree (density)                            -2.7219
  2. eval:  reciprocity                                     2.4552
  3. eval:  transitive triplets                             0.6632
  4. eval:  3-cycles                                       -0.1365
  5. eval:  smoke1 similarity                               0.2590
  6. eval:  alcohol alter                                  -0.0228
  7. eval:  alcohol ego                                     0.0360
  8. eval:  alcohol ego x alcohol alter                     0.1257


Observed values of target statistics are
  1. Number of ties                                                     238.0000
  2. Number of reciprocated ties                                        160.0000
  3. Number of transitive triplets                                      225.0000
  4. 3-cycles                                                            72.0000
  5. Similarity on smoke1                                                23.0371
  6. Sum of indegrees x alcohol                                          12.3800
  7. Sum of outdegrees x alcohol                                         20.3800
  8. Sum alcohol ego x alcohol alter                                    152.3038

 8 parameters, 8 statistics

Estimation of derivatives by the LR method (type 1).

@2
End of stochastic approximation algorithm, phase 3.
---------------------------------------------------

Total of 2553 iterations.
Parameter estimates based on 1553 iterations,
basic rate parameters as well as 
convergence diagnostics, covariance and derivative matrices based on 1000 iterations.

Information for convergence diagnosis.
Averages, standard deviations, and t-ratios for deviations from targets:
  1.  -0.3140  21.5893  -0.0145 
  2.  -0.2540  19.9939  -0.0127 
  3.   0.4370  64.7844   0.0067 
  4.   0.5160  21.0563   0.0245 
  5.   0.0970   6.7436   0.0144 
  6.   0.2869  22.0900   0.0130 
  7.  -1.6111  21.7552  -0.0741 
  8.   0.2158  28.2524   0.0076 

Good convergence is indicated by the t-ratios being close to zero.


@2
Estimation Results.
-------------------

Regular end of estimation algorithm.
Total of 2553 iteration steps.

@3
Estimates and standard errors
                             
Rate parameters:
 0.1  Rate parameter period 1                 6.6605  (   1.1638)
 0.2  Rate parameter period 2                 5.2224  (   0.8432)

Other parameters:
 1. eval:  outdegree (density)                          -2.7241  (   0.1290)
 2. eval:  reciprocity                                   2.4309  (   0.2174)
 3. eval:  transitive triplets                           0.6426  (   0.1488)
 4. eval:  3-cycles                                     -0.0746  (   0.2928)
 5. eval:  smoke1 similarity                             0.2538  (   0.2116)
 6. eval:  alcohol alter                                -0.0182  (   0.0715)
 7. eval:  alcohol ego                                   0.0326  (   0.0769)
 8. eval:  alcohol ego x alcohol alter                   0.1274  (   0.0482)

@3
Covariance matrices
                   
Covariance matrix of estimates (correlations below diagonal):
     0.017     -0.017     -0.008      0.006     -0.002      0.001      0.000     -0.001
    -0.588      0.047      0.007     -0.022     -0.002     -0.001      0.000      0.000
    -0.405      0.230      0.022     -0.037     -0.002     -0.001     -0.001      0.000
     0.166     -0.341     -0.845      0.086      0.003      0.002      0.002      0.001
    -0.075     -0.043     -0.054      0.052      0.045      0.005      0.003      0.000
     0.072     -0.093     -0.115      0.110      0.300      0.005     -0.002      0.000
     0.014      0.029     -0.130      0.082      0.197     -0.421      0.006      0.000
    -0.202     -0.014     -0.056      0.062     -0.034     -0.034     -0.064      0.002

Derivative matrix of expected statistics X by parameters and
covariance/correlation matrix of X can be found using
summary(ans) within R, or by using the 'verbose' option in Siena07.
 
Total computation time 14.52 seconds.


-----------------------------------
New Analysis started.
Date and time: 12/04/2017 17:02:25
New results follow.
-----------------------------------

Siena version 1.1-232 (18 Jun 13)

@1
Estimation by stochastic approximation algorithm.
=================================================

Random initialization of random number stream.
Current random number seed is 300424.
Effects object used: myeff 
Model Type 1: Standard actor-oriented model
Estimation method: conditional moment estimation
Conditioning variable is the total number of observed changes ("distance") 
in the network variable.
Distances for simulations are
period   :   1   2
distance :  115 106.
Standard errors are estimated with the likelihood ratio method.
Initial value of gain parameter is  0.2000000.
Number of subphases in Phase 2 is 4.

Initial parameter values are 
  0.1  Rate parameter                         4.6960
  0.2  Rate parameter                         4.3288
  1. eval:  outdegree (density)                            -1.4677
  2. eval:  reciprocity                                     0.0000
  3. eval:  transitive triplets                             0.0000
  4. eval:  3-cycles                                        0.0000
  5. eval:  indegree - popularity (sqrt)                    0.0000  (fixed) 
  6. eval:  smoke1 similarity                               0.0000
  7. eval:  alcohol alter                                   0.0000
  8. eval:  alcohol ego                                     0.0000
  9. eval:  alcohol ego x alcohol alter                     0.0000


Observed values of target statistics are
  1. Number of ties                                                     238.0000
  2. Number of reciprocated ties                                        160.0000
  3. Number of transitive triplets                                      225.0000
  4. 3-cycles                                                            72.0000
  5. Sum of indegrees x sqrt(indegree)                                  426.0259
  6. Similarity on smoke1                                                23.0371
  7. Sum of indegrees x alcohol                                          12.3800
  8. Sum of outdegrees x alcohol                                         20.3800
  9. Sum alcohol ego x alcohol alter                                    152.3038

 9 parameters, 9 statistics

Estimation of derivatives by the LR method (type 1).

@2
End of stochastic approximation algorithm, phase 3.
---------------------------------------------------

Total of 2337 iterations.
Parameter estimates based on 1337 iterations,
basic rate parameters as well as 
convergence diagnostics, covariance and derivative matrices based on 1000 iterations.

Information for convergence diagnosis.
Averages, standard deviations, and t-ratios for deviations from targets:
  1.  -0.2700  20.7666  -0.0130                      
  2.  -0.5540  19.4612  -0.0285                      
  3.  -2.4970  62.2646  -0.0401                      
  4.  -0.5680  20.3027  -0.0280                      
  5.  18.6302  54.8203   0.3398     (fixed parameter)
  6.   0.4536   6.7641   0.0671                      
  7.   0.5403  22.3444   0.0242                      
  8.   0.1403  21.6990   0.0065                      
  9.   0.7438  28.1804   0.0264                      

Good convergence is indicated by the t-ratios of non-fixed parameters being close to zero.


@2
Estimation Results.
-------------------

Regular end of estimation algorithm.
Total of 2337 iteration steps.

@3
Estimates and standard errors
                             
Rate parameters:
 0.1  Rate parameter period 1                 6.5919  (   1.1804)
 0.2  Rate parameter period 2                 5.2504  (   0.8664)

Other parameters:
 1. eval:  outdegree (density)                          -2.7178  (   0.1189)
 2. eval:  reciprocity                                   2.4255  (   0.2068)
 3. eval:  transitive triplets                           0.6423  (   0.1484)
 4. eval:  3-cycles                                     -0.0834  (   0.3069)
 5. eval:  indegree - popularity (sqrt)                  0.0000  (  fixed  )
 6. eval:  smoke1 similarity                             0.2669  (   0.2017)
 7. eval:  alcohol alter                                -0.0191  (   0.0708)
 8. eval:  alcohol ego                                   0.0337  (   0.0750)
 9. eval:  alcohol ego x alcohol alter                   0.1300  (   0.0510)

@3
Covariance matrices
                   
(Values of the covariance matrix of estimates
  are meaningless for the fixed parameters.)

Covariance matrix of estimates (correlations below diagonal):
     0.014     -0.013     -0.008      0.008      3.922     -0.006      0.000      0.000     -0.001
    -0.546      0.043      0.011     -0.029      6.825      0.003     -0.001      0.001      0.000
    -0.426      0.350      0.022     -0.040      4.898      0.004      0.000     -0.001      0.000
     0.210     -0.462     -0.867      0.094     10.129     -0.006     -0.001      0.002      0.000
     0.333      0.333      0.333      0.333   9801.000      6.656      2.338      2.474      1.683
    -0.244      0.078      0.117     -0.092      0.333      0.041      0.004      0.003      0.000
     0.016     -0.076      0.027     -0.031      0.333      0.284      0.005     -0.002      0.000
    -0.026      0.035     -0.099      0.067      0.333      0.194     -0.387      0.006      0.000
    -0.160      0.000     -0.033     -0.012      0.333     -0.019     -0.068     -0.058      0.003

Derivative matrix of expected statistics X by parameters and
covariance/correlation matrix of X can be found using
summary(ans) within R, or by using the 'verbose' option in Siena07.
 
@2
Generalised score test <c>
--------------------------

Testing the goodness-of-fit of the model restricted by
 (1)   eval:  indegree - popularity (sqrt)                =   0.0000
_________________________________________________
                   
   c =   6.8857   d.f. = 1   p-value =   0.0087
   one-sided (normal variate):  -2.6241    
_________________________________________________

One-step estimates: 

eval:  outdegree (density)                         -1.8865
eval:  reciprocity                                  2.4062
eval:  transitive triplets                          0.7585
eval:  3-cycles                                    -0.1648
eval:  indegree - popularity (sqrt)                -0.4906
eval:  smoke1 similarity                            0.2669
eval:  alcohol alter                               -0.0151
eval:  alcohol ego                                  0.0240
eval:  alcohol ego x alcohol alter                  0.1196

Total computation time 14.16 seconds.
